main.obj : error LNK2019: unresolved external symbol __imp_al_init_native_dialog_addon referenced in function main
main.obj : error LNK2019: unresolved external symbol __imp_al_create_builtin_font referenced in function main
main.obj : error LNK2019: unresolved external symbol __imp_al_draw_text referenced in function main
main.obj : error LNK2019: unresolved external symbol __imp_al_draw_textf referenced in function "void __cdecl seperate(class std::basic_string<char,struct std::char_traits<char>,class std::allocator<char> >)" (?seperate@@YAXV?$basic_string@DU?$char_traits@D@std@@V?$allocator@D@2@@std@@@Z)
main.obj : error LNK2019: unresolved external symbol __imp_al_destroy_font referenced in function "void __cdecl seperate(class std::basic_string<char,struct std::char_traits<char>,class std::allocator<char> >)" (?seperate@@YAXV?$basic_string@DU?$char_traits@D@std@@V?$allocator@D@2@@std@@@Z)
main.obj : error LNK2019: unresolved external symbol __imp_al_init_font_addon referenced in function main
main.obj : error LNK2019: unresolved external symbol __imp_al_init_primitives_addon referenced in function main
main.obj : error LNK2019: unresolved external symbol __imp_al_draw_line referenced in function "void __cdecl seperate(class std::basic_string<char,struct std::char_traits<char>,class std::allocator<char> >)" (?seperate@@YAXV?$basic_string@DU?$char_traits@D@std@@V?$allocator@D@2@@std@@@Z)
main.obj : error LNK2019: unresolved external symbol __imp_al_draw_rectangle referenced in function main
main.obj : error LNK2019: unresolved external symbol __imp_al_draw_filled_rectangle referenced in function main
main.obj : error LNK2019: unresolved external symbol __imp_al_draw_filled_rounded_rectangle referenced in function main
main.obj : error LNK2019: unresolved external symbol __imp_al_init_image_addon referenced in function main
main.obj : error LNK2019: unresolved external symbol __imp_al_destroy_sample referenced in function main
main.obj : error LNK2019: unresolved external symbol __imp_al_create_sample_instance referenced in function main
main.obj : error LNK2019: unresolved external symbol __imp_al_destroy_sample_instance referenced in function main
main.obj : error LNK2019: unresolved external symbol __imp_al_set_sample_instance_playmode referenced in function main
main.obj : error LNK2019: unresolved external symbol __imp_al_play_sample_instance referenced in function main
main.obj : error LNK2019: unresolved external symbol __imp_al_stop_sample_instance referenced in function main
main.obj : error LNK2019: unresolved external symbol __imp_al_attach_sample_instance_to_mixer referenced in function main
main.obj : error LNK2019: unresolved external symbol __imp_al_install_audio referenced in function main
main.obj : error LNK2019: unresolved external symbol __imp_al_reserve_samples referenced in function main
main.obj : error LNK2019: unresolved external symbol __imp_al_get_default_mixer referenced in function main
main.obj : error LNK2019: unresolved external symbol __imp_al_play_sample referenced in function main
main.obj : error LNK2019: unresolved external symbol __imp_al_load_sample referenced in function main
main.obj : error LNK2019: unresolved external symbol __imp_al_init_acodec_addon referenced in function main
main.obj : error LNK2019: unresolved external symbol __imp_al_load_ttf_font referenced in function "void __cdecl seperate(class std::basic_string<char,struct std::char_traits<char>,class std::allocator<char> >)" (?seperate@@YAXV?$basic_string@DU?$char_traits@D@std@@V?$allocator@D@2@@std@@@Z)
main.obj : error LNK2019: unresolved external symbol __imp_al_init_ttf_addon referenced in function main
E:\New Visual Studio Projects\visual studio 2015\Reworked Project Exam System\x64\Debug\Reworked Project Exam System.exe : fatal error LNK1120: 27 unresolved externals
